<?xml version="1.0" encoding="UTF-8"?>
<!-- Generated by org.testng.reporters.JUnitXMLReporter -->
<testsuite ignored="0" hostname="DESKTOP-Q54L9MU" failures="1" tests="1" name="Test" time="0.045" errors="0" timestamp="2024-10-29T09:49:30 IST">
  <testcase classname="listeners.TestScripts" name="login" time="0.013">
    <failure type="java.lang.AssertionError" message="expected [false] but found [true]">
      <![CDATA[java.lang.AssertionError: expected [false] but found [true]
at listeners.TestScripts.login(TestScripts.java:19)
at java.base/java.util.ArrayList.forEach(ArrayList.java:1597)
... Removed 31 stack frames]]>
    </failure>
  </testcase> <!-- login -->
</testsuite> <!-- Test -->
